<?xml version="1.0" encoding="UTF-8"?>
<!-- Generated by org.testng.reporters.JUnitReportReporter -->
<testsuite hostname="DESKTOP-8R9TJ4L" failures="0" tests="1" name="com.qaTestCase.ActionDragandDrop" time="12.614" errors="0" timestamp="18 Jun 2021 10:02:16 GMT" skipped="0">
  <testcase classname="com.qaTestCase.ActionDragandDrop" name="dragAndDrop" time="12.614"/>
</testsuite> <!-- com.qaTestCase.ActionDragandDrop -->
