<?xml version="1.0" encoding="UTF-8"?>
<!-- Generated by org.testng.reporters.JUnitReportReporter -->
<testsuite hostname="DESKTOP-8R9TJ4L" failures="0" tests="1" name="com.qaTestCase.JScriptexecutor" time="40.899" errors="0" timestamp="18 Jun 2021 10:25:27 GMT" skipped="0">
  <testcase classname="com.qaTestCase.JScriptexecutor" name="ScrollBy" time="40.899"/>
</testsuite> <!-- com.qaTestCase.JScriptexecutor -->
